Building DAG of jobs...
Relative file path './4_sort_summits.bed' starts with './'. This is redundant and strongly discouraged. It can also lead to inconsistent results of the file-matching approach used by Snakemake. You can simply omit the './' for relative file paths.
Job counts:
	count	jobs
	1	all
	2	download_motifs
	2	filter_motifs
	3	format_h5
	1	get_chip_hits
	2	get_motif_hits
	11

[Mon Jan 11 15:20:03 2021]
rule download_motifs:
    output: data/motif_beds_long/hg38/MA0162.2_EGR1_jaspar.bed
    jobid: 6
    wildcards: species=hg38, dataset_id=MA0162.2_EGR1, metadata=jaspar


[Mon Jan 11 15:20:03 2021]
rule download_motifs:
    output: data/motif_beds_long/hg38/MA0162.3_EGR1_jaspar.bed
    jobid: 10
    wildcards: species=hg38, dataset_id=MA0162.3_EGR1, metadata=jaspar


[Mon Jan 11 15:20:03 2021]
rule get_chip_hits:
    input: ./4_sort_summits.bed
    output: data/indices/hg38/1000/ChIP-seq_4_EGR1-K562-Erythroblast-Bone Marrow.txt
    jobid: 2
    wildcards: species=hg38, window_size=1000, dataset_id=4, metadata=EGR1-K562-Erythroblast-Bone Marrow


[Mon Jan 11 15:20:03 2021]
rule filter_motifs:
    input: data/motif_beds_long/hg38/MA0162.3_EGR1_jaspar.bed
    output: data/motif_beds/hg38/MA0162.3_EGR1_jaspar.bed
    jobid: 9
    wildcards: species=hg38, dataset_id=MA0162.3_EGR1, metadata=jaspar


[Mon Jan 11 15:20:03 2021]
rule filter_motifs:
    input: data/motif_beds_long/hg38/MA0162.2_EGR1_jaspar.bed
    output: data/motif_beds/hg38/MA0162.2_EGR1_jaspar.bed
    jobid: 5
    wildcards: species=hg38, dataset_id=MA0162.2_EGR1, metadata=jaspar


[Mon Jan 11 15:20:03 2021]
rule format_h5:
    input: data/indices/hg38/1000/ChIP-seq_4_EGR1-K562-Erythroblast-Bone Marrow.txt
    output: data/hg38/1000/ChIP-seq_4_EGR1-K562-Erythroblast-Bone Marrow.done
    jobid: 1
    wildcards: species=hg38, window_size=1000, technology=ChIP-seq, dataset_id=4, metadata=EGR1-K562-Erythroblast-Bone Marrow

RuleException in line 131 of /Users/alynch/projects/lisa_project/liulab-lisa/lisa2/cistrome_processing/Snakefile:
NameError: The name 'indices' is unknown in this context. Please make sure that you defined that variable. Also note that braces not used for variable access have to be escaped by repeating them, i.e. {{print $1}}
  File "/Users/alynch/projects/.venvs/lisa_2.1_testing/lib/python3.8/site-packages/snakemake/executors/__init__.py", line 136, in run_jobs
  File "/Users/alynch/projects/.venvs/lisa_2.1_testing/lib/python3.8/site-packages/snakemake/executors/__init__.py", line 145, in run
  File "/Users/alynch/projects/.venvs/lisa_2.1_testing/lib/python3.8/site-packages/snakemake/executors/__init__.py", line 156, in _run
  File "/Users/alynch/projects/.venvs/lisa_2.1_testing/lib/python3.8/site-packages/snakemake/executors/__init__.py", line 176, in printjob
  File "/Users/alynch/projects/.venvs/lisa_2.1_testing/lib/python3.8/site-packages/snakemake/executors/__init__.py", line 162, in printjob
