Building DAG of jobs...
Relative file path './data/4_sort_summits.bed' starts with './'. This is redundant and strongly discouraged. It can also lead to inconsistent results of the file-matching approach used by Snakemake. You can simply omit the './' for relative file paths.
Using shell: /bin/bash
Provided cores: 1 (use --cores to define parallelism)
Rules claiming more threads will be scaled down.
Job counts:
	count	jobs
	1	all
	1	download_motifs
	1	filter_motifs
	1	format_h5
	2	get_motif_hits
	6

[Mon Jan 11 16:30:33 2021]
rule get_motif_hits:
    input: data/motif_beds/hg38/MA0002.2_RUNX1-jaspar.bed
    output: data/indices/hg38/1000/Motifs_MA0002.2_RUNX1-jaspar.txt
    jobid: 6
    wildcards: species=hg38, window_size=1000, dataset_id=MA0002.2, metadata=RUNX1-jaspar

[Mon Jan 11 16:30:34 2021]
Error in rule get_motif_hits:
    jobid: 6
    output: data/indices/hg38/1000/Motifs_MA0002.2_RUNX1-jaspar.txt
    shell:
        python ./bin/map_peaks_to_indices.py hg38 1000 "data/motif_beds/hg38/MA0002.2_RUNX1-jaspar.bed" "data/indices/hg38/1000/Motifs_MA0002.2_RUNX1-jaspar.txt"
        (one of the commands exited with non-zero exit code; note that snakemake uses bash strict mode!)

Shutting down, this might take some time.
Exiting because a job execution failed. Look above for error message
Complete log: /Users/alynch/projects/lisa_project/liulab-lisa/lisa2/cistrome_processing/.snakemake/log/2021-01-11T163032.713048.snakemake.log
