Building DAG of jobs...
Relative file path './data/4_sort_summits.bed' starts with './'. This is redundant and strongly discouraged. It can also lead to inconsistent results of the file-matching approach used by Snakemake. You can simply omit the './' for relative file paths.
Using shell: /bin/bash
Provided cores: 1 (use --cores to define parallelism)
Rules claiming more threads will be scaled down.
Job counts:
	count	jobs
	1	all
	2	download_motifs
	2	filter_motifs
	1	format_h5
	2	get_motif_hits
	8

[Mon Jan 11 16:23:13 2021]
rule download_motifs:
    output: data/motif_beds_long/hg38/MA0002.2_RUNX1-jaspar.bed
    jobid: 5
    wildcards: species=hg38, dataset_id=MA0002.2, metadata=RUNX1-jaspar

[Mon Jan 11 16:23:44 2021]
Finished job 5.
1 of 8 steps (12%) done

[Mon Jan 11 16:23:44 2021]
rule filter_motifs:
    input: data/motif_beds_long/hg38/MA0002.2_RUNX1-jaspar.bed
    output: data/motif_beds/hg38/MA0002.2_RUNX1-jaspar.bed
    jobid: 4
    wildcards: species=hg38, dataset_id=MA0002.2, metadata=RUNX1-jaspar

[Mon Jan 11 16:23:51 2021]
Finished job 4.
2 of 8 steps (25%) done

[Mon Jan 11 16:23:51 2021]
rule get_motif_hits:
    input: data/motif_beds/hg38/MA0002.2_RUNX1-jaspar.bed
    output: data/indices/hg38/1000/Motifs_MA0002.2_RUNX1-jaspar.txt
    jobid: 3
    wildcards: species=hg38, window_size=1000, dataset_id=MA0002.2, metadata=RUNX1-jaspar

[Mon Jan 11 16:23:52 2021]
Error in rule get_motif_hits:
    jobid: 3
    output: data/indices/hg38/1000/Motifs_MA0002.2_RUNX1-jaspar.txt
    shell:
        python ./bin/map_peaks_to_indices.py hg38 1000 "data/motif_beds/hg38/MA0002.2_RUNX1-jaspar.bed" "data/indices/hg38/1000/Motifs_MA0002.2_RUNX1-jaspar.txt"
        (one of the commands exited with non-zero exit code; note that snakemake uses bash strict mode!)

Shutting down, this might take some time.
Exiting because a job execution failed. Look above for error message
Complete log: /Users/alynch/projects/lisa_project/liulab-lisa/lisa2/cistrome_processing/.snakemake/log/2021-01-11T162312.876475.snakemake.log
