Building DAG of jobs...
Relative file path './data/4_sort_summits.bed' starts with './'. This is redundant and strongly discouraged. It can also lead to inconsistent results of the file-matching approach used by Snakemake. You can simply omit the './' for relative file paths.
Using shell: /bin/bash
Provided cores: 1 (use --cores to define parallelism)
Rules claiming more threads will be scaled down.
Job counts:
	count	jobs
	1	all
	1	format_h5
	2

[Mon Jan 11 16:36:59 2021]
rule format_h5:
    input: data/indices/hg38/1000/ChIP-seq_4_EGR1-K562-Erythroblast-Bone Marrow.txt, data/indices/hg38/1000/Motifs_MA0162.4_EGR1-jaspar.txt, data/indices/hg38/1000/Motifs_MA0083.3_RUNX1-jaspar.txt
    output: data/hg38/1000/ChIP-seq_4_EGR1-K562-Erythroblast-Bone Marrow.done, data/hg38/1000/Motifs_MA0162.4_EGR1-jaspar.done, data/hg38/1000/Motifs_MA0083.3_RUNX1-jaspar.done
    jobid: 1

python ./bin/append_peak_indices.py hg38 1000 "data/indices/hg38/1000/ChIP-seq_4_EGR1-K562-Erythroblast-Bone Marrow.txt data/indices/hg38/1000/Motifs_MA0162.4_EGR1-jaspar.txt data/indices/hg38/1000/Motifs_MA0083.3_RUNX1-jaspar.txt"
[Mon Jan 11 16:37:00 2021]
Error in rule format_h5:
    jobid: 1
    output: data/hg38/1000/ChIP-seq_4_EGR1-K562-Erythroblast-Bone Marrow.done, data/hg38/1000/Motifs_MA0162.4_EGR1-jaspar.done, data/hg38/1000/Motifs_MA0083.3_RUNX1-jaspar.done
    shell:
        python ./bin/append_peak_indices.py hg38 1000 "data/indices/hg38/1000/ChIP-seq_4_EGR1-K562-Erythroblast-Bone Marrow.txt data/indices/hg38/1000/Motifs_MA0162.4_EGR1-jaspar.txt data/indices/hg38/1000/Motifs_MA0083.3_RUNX1-jaspar.txt"
        (one of the commands exited with non-zero exit code; note that snakemake uses bash strict mode!)

Shutting down, this might take some time.
Exiting because a job execution failed. Look above for error message
Complete log: /Users/alynch/projects/lisa_project/liulab-lisa/lisa2/cistrome_processing/.snakemake/log/2021-01-11T163659.376387.snakemake.log
