Building DAG of jobs...
Relative file path './data/4_sort_summits.bed' starts with './'. This is redundant and strongly discouraged. It can also lead to inconsistent results of the file-matching approach used by Snakemake. You can simply omit the './' for relative file paths.
Using shell: /bin/bash
Provided cores: 1 (use --cores to define parallelism)
Rules claiming more threads will be scaled down.
Job counts:
	count	jobs
	1	all
	2	download_motifs
	2	filter_motifs
	1	format_h5
	2	get_motif_hits
	8

[Mon Jan 11 16:34:56 2021]
rule download_motifs:
    output: data/motif_beds_long/hg38/MA0002.2_RUNX1-jaspar.bed
    jobid: 8
    wildcards: species=hg38, dataset_id=MA0002.2, metadata=RUNX1-jaspar

wget http://expdata.cmmt.ubc.ca/JASPAR/downloads/UCSC_tracks/2020/hg38/MA0002.2.tsv.gz &&gzip -d MA0002.2.tsv.gz &&mv MA0002.2.tsv data/motif_beds_long/hg38/MA0002.2_RUNX1-jaspar.bed
Terminating processes on user request, this might take some time.
[Mon Jan 11 16:35:04 2021]
Error in rule download_motifs:
    jobid: 8
    output: data/motif_beds_long/hg38/MA0002.2_RUNX1-jaspar.bed
    shell:
        wget http://expdata.cmmt.ubc.ca/JASPAR/downloads/UCSC_tracks/2020/hg38/MA0002.2.tsv.gz &&gzip -d MA0002.2.tsv.gz &&mv MA0002.2.tsv data/motif_beds_long/hg38/MA0002.2_RUNX1-jaspar.bed
        (one of the commands exited with non-zero exit code; note that snakemake uses bash strict mode!)

Complete log: /Users/alynch/projects/lisa_project/liulab-lisa/lisa2/cistrome_processing/.snakemake/log/2021-01-11T163455.741545.snakemake.log
