Building DAG of jobs...
Relative file path './data/4_sort_summits.bed' starts with './'. This is redundant and strongly discouraged. It can also lead to inconsistent results of the file-matching approach used by Snakemake. You can simply omit the './' for relative file paths.
Using shell: /bin/bash
Provided cores: 1 (use --cores to define parallelism)
Rules claiming more threads will be scaled down.
Job counts:
	count	jobs
	1	all
	1	format_h5
	2

[Mon Jan 11 17:14:39 2021]
rule format_h5:
    input: data/indices/hg38/1000/ChIP-seq_4.txt, data/indices/hg38/1000/Motifs_MA0083.3.txt, data/indices/hg38/1000/Motifs_MA0162.4.txt
    output: data/hg38/1000/ChIP-seq_4.done, data/hg38/1000/Motifs_MA0083.3.done, data/hg38/1000/Motifs_MA0162.4.done
    jobid: 1

python ./bin/append_peak_indices.py hg38 1000 mock_cistrome_meta2.tsv hg38_motifs.tsv data/indices/hg38/1000/ChIP-seq_4.txt data/indices/hg38/1000/Motifs_MA0083.3.txt data/indices/hg38/1000/Motifs_MA0162.4.txt
Touching output file data/hg38/1000/ChIP-seq_4.done.
Touching output file data/hg38/1000/Motifs_MA0083.3.done.
Touching output file data/hg38/1000/Motifs_MA0162.4.done.
[Mon Jan 11 17:14:40 2021]
Finished job 1.
1 of 2 steps (50%) done

[Mon Jan 11 17:14:40 2021]
localrule all:
    input: data/hg38/1000/ChIP-seq_4.done, data/hg38/1000/Motifs_MA0083.3.done, data/hg38/1000/Motifs_MA0162.4.done
    jobid: 0

[Mon Jan 11 17:14:40 2021]
Finished job 0.
2 of 2 steps (100%) done
Complete log: /Users/alynch/projects/lisa_project/liulab-lisa/lisa2/cistrome_processing/.snakemake/log/2021-01-11T171438.515955.snakemake.log
