Building DAG of jobs...
Relative file path './data/4_sort_summits.bed' starts with './'. This is redundant and strongly discouraged. It can also lead to inconsistent results of the file-matching approach used by Snakemake. You can simply omit the './' for relative file paths.
Using shell: /bin/bash
Provided cores: 1 (use --cores to define parallelism)
Rules claiming more threads will be scaled down.
Job counts:
	count	jobs
	1	all
	2	download_motifs
	2	filter_motifs
	1	format_h5
	2	get_motif_hits
	8

[Mon Jan 11 16:35:37 2021]
rule download_motifs:
    output: data/motif_beds_long/hg38/MA0083.3_RUNX1-jaspar.bed
    jobid: 8
    wildcards: species=hg38, dataset_id=MA0083.3, metadata=RUNX1-jaspar

wget http://expdata.cmmt.ubc.ca/JASPAR/downloads/UCSC_tracks/2020/hg38/MA0083.3.tsv.gz &&gzip -d MA0083.3.tsv.gz &&mv MA0083.3.tsv data/motif_beds_long/hg38/MA0083.3_RUNX1-jaspar.bed
[Mon Jan 11 16:35:40 2021]
Finished job 8.
1 of 8 steps (12%) done

[Mon Jan 11 16:35:40 2021]
rule filter_motifs:
    input: data/motif_beds_long/hg38/MA0083.3_RUNX1-jaspar.bed
    output: data/motif_beds/hg38/MA0083.3_RUNX1-jaspar.bed
    jobid: 7
    wildcards: species=hg38, dataset_id=MA0083.3, metadata=RUNX1-jaspar

awk '$6>=475' "data/motif_beds_long/hg38/MA0083.3_RUNX1-jaspar.bed" > "data/motif_beds/hg38/MA0083.3_RUNX1-jaspar.bed"
[Mon Jan 11 16:35:41 2021]
Finished job 7.
2 of 8 steps (25%) done

[Mon Jan 11 16:35:41 2021]
rule get_motif_hits:
    input: data/motif_beds/hg38/MA0083.3_RUNX1-jaspar.bed
    output: data/indices/hg38/1000/Motifs_MA0083.3_RUNX1-jaspar.txt
    jobid: 6
    wildcards: species=hg38, window_size=1000, dataset_id=MA0083.3, metadata=RUNX1-jaspar

python ./bin/map_peaks_to_indices.py hg38 1000 "data/motif_beds/hg38/MA0083.3_RUNX1-jaspar.bed" "data/indices/hg38/1000/Motifs_MA0083.3_RUNX1-jaspar.txt"
[Mon Jan 11 16:35:43 2021]
Finished job 6.
3 of 8 steps (38%) done

[Mon Jan 11 16:35:43 2021]
rule download_motifs:
    output: data/motif_beds_long/hg38/MA0162.4_EGR1-jaspar.bed
    jobid: 5
    wildcards: species=hg38, dataset_id=MA0162.4, metadata=EGR1-jaspar

wget http://expdata.cmmt.ubc.ca/JASPAR/downloads/UCSC_tracks/2020/hg38/MA0162.4.tsv.gz &&gzip -d MA0162.4.tsv.gz &&mv MA0162.4.tsv data/motif_beds_long/hg38/MA0162.4_EGR1-jaspar.bed
[Mon Jan 11 16:35:55 2021]
Finished job 5.
4 of 8 steps (50%) done

[Mon Jan 11 16:35:55 2021]
rule filter_motifs:
    input: data/motif_beds_long/hg38/MA0162.4_EGR1-jaspar.bed
    output: data/motif_beds/hg38/MA0162.4_EGR1-jaspar.bed
    jobid: 4
    wildcards: species=hg38, dataset_id=MA0162.4, metadata=EGR1-jaspar

awk '$6>=475' "data/motif_beds_long/hg38/MA0162.4_EGR1-jaspar.bed" > "data/motif_beds/hg38/MA0162.4_EGR1-jaspar.bed"
[Mon Jan 11 16:35:59 2021]
Finished job 4.
5 of 8 steps (62%) done

[Mon Jan 11 16:35:59 2021]
rule get_motif_hits:
    input: data/motif_beds/hg38/MA0162.4_EGR1-jaspar.bed
    output: data/indices/hg38/1000/Motifs_MA0162.4_EGR1-jaspar.txt
    jobid: 3
    wildcards: species=hg38, window_size=1000, dataset_id=MA0162.4, metadata=EGR1-jaspar

python ./bin/map_peaks_to_indices.py hg38 1000 "data/motif_beds/hg38/MA0162.4_EGR1-jaspar.bed" "data/indices/hg38/1000/Motifs_MA0162.4_EGR1-jaspar.txt"
[Mon Jan 11 16:36:01 2021]
Finished job 3.
6 of 8 steps (75%) done

[Mon Jan 11 16:36:01 2021]
rule format_h5:
    input: data/indices/hg38/1000/ChIP-seq_4_EGR1-K562-Erythroblast-Bone Marrow.txt, data/indices/hg38/1000/Motifs_MA0162.4_EGR1-jaspar.txt, data/indices/hg38/1000/Motifs_MA0083.3_RUNX1-jaspar.txt
    output: data/hg38/1000/ChIP-seq_4_EGR1-K562-Erythroblast-Bone Marrow.done, data/hg38/1000/Motifs_MA0162.4_EGR1-jaspar.done, data/hg38/1000/Motifs_MA0083.3_RUNX1-jaspar.done
    jobid: 1

python ./bin/append_peak_indices.py hg38 1000 "data/indices/hg38/1000/ChIP-seq_4_EGR1-K562-Erythroblast-Bone Marrow.txt data/indices/hg38/1000/Motifs_MA0162.4_EGR1-jaspar.txt data/indices/hg38/1000/Motifs_MA0083.3_RUNX1-jaspar.txt"
[Mon Jan 11 16:36:01 2021]
Error in rule format_h5:
    jobid: 1
    output: data/hg38/1000/ChIP-seq_4_EGR1-K562-Erythroblast-Bone Marrow.done, data/hg38/1000/Motifs_MA0162.4_EGR1-jaspar.done, data/hg38/1000/Motifs_MA0083.3_RUNX1-jaspar.done
    shell:
        python ./bin/append_peak_indices.py hg38 1000 "data/indices/hg38/1000/ChIP-seq_4_EGR1-K562-Erythroblast-Bone Marrow.txt data/indices/hg38/1000/Motifs_MA0162.4_EGR1-jaspar.txt data/indices/hg38/1000/Motifs_MA0083.3_RUNX1-jaspar.txt"
        (one of the commands exited with non-zero exit code; note that snakemake uses bash strict mode!)

Shutting down, this might take some time.
Exiting because a job execution failed. Look above for error message
Complete log: /Users/alynch/projects/lisa_project/liulab-lisa/lisa2/cistrome_processing/.snakemake/log/2021-01-11T163537.107438.snakemake.log
