Building DAG of jobs...
Relative file path './data/4_sort_summits.bed' starts with './'. This is redundant and strongly discouraged. It can also lead to inconsistent results of the file-matching approach used by Snakemake. You can simply omit the './' for relative file paths.
Using shell: /bin/bash
Provided cores: 1 (use --cores to define parallelism)
Rules claiming more threads will be scaled down.
Job counts:
	count	jobs
	1	all
	2	download_motifs
	2	filter_motifs
	1	format_h5
	2	get_motif_hits
	8

[Mon Jan 11 16:32:03 2021]
rule download_motifs:
    output: data/motif_beds_long/hg38/MA0002.2_RUNX1-jaspar.bed
    jobid: 5
    wildcards: species=hg38, dataset_id=MA0002.2, metadata=RUNX1-jaspar

[Mon Jan 11 16:32:52 2021]
Error in rule download_motifs:
    jobid: 5
    output: data/motif_beds_long/hg38/MA0002.2_RUNX1-jaspar.bed
    shell:
        wget http://expdata.cmmt.ubc.ca/JASPAR/downloads/UCSC_tracks/2020/hg38/MA0002.2.tsv.gz &&tar -xzvf MA0002.2.tsv.gz -C data/motif_beds_long/hg38/MA0002.2_RUNX1-jaspar.bed &&rm -rf MA0002.2.tsv.gz
        (one of the commands exited with non-zero exit code; note that snakemake uses bash strict mode!)

Shutting down, this might take some time.
Exiting because a job execution failed. Look above for error message
Complete log: /Users/alynch/projects/lisa_project/liulab-lisa/lisa2/cistrome_processing/.snakemake/log/2021-01-11T163203.409669.snakemake.log
