Building DAG of jobs...
Relative file path './data/4_sort_summits.bed' starts with './'. This is redundant and strongly discouraged. It can also lead to inconsistent results of the file-matching approach used by Snakemake. You can simply omit the './' for relative file paths.
Using shell: /bin/bash
Provided cores: 1 (use --cores to define parallelism)
Rules claiming more threads will be scaled down.
Job counts:
	count	jobs
	1	all
	2	download_motifs
	2	filter_motifs
	1	format_h5
	1	get_chip_hits
	2	get_motif_hits
	9

[Mon Jan 11 17:09:38 2021]
rule get_chip_hits:
    input: ./data/4_sort_summits.bed
    output: data/indices/hg38/1000/ChIP-seq_4.txt
    jobid: 2
    wildcards: species=hg38, window_size=1000, dataset_id=4

python ./bin/map_peaks_to_indices.py hg38 1000 "./data/4_sort_summits.bed" "data/indices/hg38/1000/ChIP-seq_4.txt"
[Mon Jan 11 17:09:39 2021]
Finished job 2.
1 of 9 steps (11%) done

[Mon Jan 11 17:09:39 2021]
rule download_motifs:
    output: data/motif_beds_long/hg38/MA0162.4.bed
    jobid: 8
    wildcards: species=hg38, dataset_id=MA0162.4

wget http://expdata.cmmt.ubc.ca/JASPAR/downloads/UCSC_tracks/2020/hg38/MA0162.4.tsv.gz &&gzip -d MA0162.4.tsv.gz &&mv MA0162.4.tsv data/motif_beds_long/hg38/MA0162.4.bed
[Mon Jan 11 17:09:47 2021]
Finished job 8.
2 of 9 steps (22%) done

[Mon Jan 11 17:09:47 2021]
rule filter_motifs:
    input: data/motif_beds_long/hg38/MA0162.4.bed
    output: data/motif_beds/hg38/MA0162.4.bed
    jobid: 7
    wildcards: species=hg38, dataset_id=MA0162.4

awk '$6>=475' "data/motif_beds_long/hg38/MA0162.4.bed" > "data/motif_beds/hg38/MA0162.4.bed"
[Mon Jan 11 17:09:51 2021]
Finished job 7.
3 of 9 steps (33%) done

[Mon Jan 11 17:09:51 2021]
rule get_motif_hits:
    input: data/motif_beds/hg38/MA0162.4.bed
    output: data/indices/hg38/1000/Motifs_MA0162.4.txt
    jobid: 6
    wildcards: species=hg38, window_size=1000, dataset_id=MA0162.4

python ./bin/map_peaks_to_indices.py hg38 1000 "data/motif_beds/hg38/MA0162.4.bed" "data/indices/hg38/1000/Motifs_MA0162.4.txt"
[Mon Jan 11 17:09:53 2021]
Finished job 6.
4 of 9 steps (44%) done

[Mon Jan 11 17:09:53 2021]
rule download_motifs:
    output: data/motif_beds_long/hg38/MA0083.3.bed
    jobid: 5
    wildcards: species=hg38, dataset_id=MA0083.3

wget http://expdata.cmmt.ubc.ca/JASPAR/downloads/UCSC_tracks/2020/hg38/MA0083.3.tsv.gz &&gzip -d MA0083.3.tsv.gz &&mv MA0083.3.tsv data/motif_beds_long/hg38/MA0083.3.bed
[Mon Jan 11 17:09:56 2021]
Finished job 5.
5 of 9 steps (56%) done

[Mon Jan 11 17:09:56 2021]
rule filter_motifs:
    input: data/motif_beds_long/hg38/MA0083.3.bed
    output: data/motif_beds/hg38/MA0083.3.bed
    jobid: 4
    wildcards: species=hg38, dataset_id=MA0083.3

awk '$6>=475' "data/motif_beds_long/hg38/MA0083.3.bed" > "data/motif_beds/hg38/MA0083.3.bed"
[Mon Jan 11 17:09:56 2021]
Finished job 4.
6 of 9 steps (67%) done

[Mon Jan 11 17:09:56 2021]
rule get_motif_hits:
    input: data/motif_beds/hg38/MA0083.3.bed
    output: data/indices/hg38/1000/Motifs_MA0083.3.txt
    jobid: 3
    wildcards: species=hg38, window_size=1000, dataset_id=MA0083.3

python ./bin/map_peaks_to_indices.py hg38 1000 "data/motif_beds/hg38/MA0083.3.bed" "data/indices/hg38/1000/Motifs_MA0083.3.txt"
[Mon Jan 11 17:09:58 2021]
Finished job 3.
7 of 9 steps (78%) done

[Mon Jan 11 17:09:58 2021]
rule format_h5:
    input: data/indices/hg38/1000/ChIP-seq_4.txt, data/indices/hg38/1000/Motifs_MA0083.3.txt, data/indices/hg38/1000/Motifs_MA0162.4.txt
    output: data/hg38/1000/ChIP-seq_4.done, data/hg38/1000/Motifs_MA0083.3.done, data/hg38/1000/Motifs_MA0162.4.done
    jobid: 1

python ./bin/append_peak_indices.py hg38 1000 mock_cistrome_meta2.tsv {species}_motifs.tsv data/indices/hg38/1000/ChIP-seq_4.txt data/indices/hg38/1000/Motifs_MA0083.3.txt data/indices/hg38/1000/Motifs_MA0162.4.txt
[Mon Jan 11 17:09:59 2021]
Error in rule format_h5:
    jobid: 1
    output: data/hg38/1000/ChIP-seq_4.done, data/hg38/1000/Motifs_MA0083.3.done, data/hg38/1000/Motifs_MA0162.4.done
    shell:
        python ./bin/append_peak_indices.py hg38 1000 mock_cistrome_meta2.tsv {species}_motifs.tsv data/indices/hg38/1000/ChIP-seq_4.txt data/indices/hg38/1000/Motifs_MA0083.3.txt data/indices/hg38/1000/Motifs_MA0162.4.txt
        (one of the commands exited with non-zero exit code; note that snakemake uses bash strict mode!)

Shutting down, this might take some time.
Exiting because a job execution failed. Look above for error message
Complete log: /Users/alynch/projects/lisa_project/liulab-lisa/lisa2/cistrome_processing/.snakemake/log/2021-01-11T170938.033920.snakemake.log
