Building DAG of jobs...
Relative file path './data/4_sort_summits.bed' starts with './'. This is redundant and strongly discouraged. It can also lead to inconsistent results of the file-matching approach used by Snakemake. You can simply omit the './' for relative file paths.
Using shell: /bin/bash
Provided cores: 1 (use --cores to define parallelism)
Rules claiming more threads will be scaled down.
Job counts:
	count	jobs
	1	all
	1	format_h5
	2

[Mon Jan 11 17:10:22 2021]
rule format_h5:
    input: data/indices/hg38/1000/ChIP-seq_4.txt, data/indices/hg38/1000/Motifs_MA0162.4.txt, data/indices/hg38/1000/Motifs_MA0083.3.txt
    output: data/hg38/1000/ChIP-seq_4.done, data/hg38/1000/Motifs_MA0162.4.done, data/hg38/1000/Motifs_MA0083.3.done
    jobid: 1

python ./bin/append_peak_indices.py hg38 1000 mock_cistrome_meta2.tsv {species}_motifs.tsv data/indices/hg38/1000/ChIP-seq_4.txt data/indices/hg38/1000/Motifs_MA0162.4.txt data/indices/hg38/1000/Motifs_MA0083.3.txt
[Mon Jan 11 17:10:23 2021]
Error in rule format_h5:
    jobid: 1
    output: data/hg38/1000/ChIP-seq_4.done, data/hg38/1000/Motifs_MA0162.4.done, data/hg38/1000/Motifs_MA0083.3.done
    shell:
        python ./bin/append_peak_indices.py hg38 1000 mock_cistrome_meta2.tsv {species}_motifs.tsv data/indices/hg38/1000/ChIP-seq_4.txt data/indices/hg38/1000/Motifs_MA0162.4.txt data/indices/hg38/1000/Motifs_MA0083.3.txt
        (one of the commands exited with non-zero exit code; note that snakemake uses bash strict mode!)

Shutting down, this might take some time.
Exiting because a job execution failed. Look above for error message
Complete log: /Users/alynch/projects/lisa_project/liulab-lisa/lisa2/cistrome_processing/.snakemake/log/2021-01-11T171021.797492.snakemake.log
