Building DAG of jobs...
Relative file path './data/4_sort_summits.bed' starts with './'. This is redundant and strongly discouraged. It can also lead to inconsistent results of the file-matching approach used by Snakemake. You can simply omit the './' for relative file paths.
Using shell: /bin/bash
Provided cores: 1 (use --cores to define parallelism)
Rules claiming more threads will be scaled down.
Job counts:
	count	jobs
	1	all
	2	download_motifs
	2	filter_motifs
	1	format_h5
	1	get_chip_hits
	2	get_motif_hits
	9

[Mon Jan 11 16:31:23 2021]
rule get_chip_hits:
    input: ./data/4_sort_summits.bed
    output: data/indices/hg38/1000/ChIP-seq_4_EGR1-K562-Erythroblast-Bone Marrow.txt
    jobid: 2
    wildcards: species=hg38, window_size=1000, dataset_id=4, metadata=EGR1-K562-Erythroblast-Bone Marrow

[Mon Jan 11 16:31:23 2021]
Finished job 2.
1 of 9 steps (11%) done

[Mon Jan 11 16:31:23 2021]
rule download_motifs:
    output: data/motif_beds_long/hg38/MA0162.4_EGR1-jaspar.bed
    jobid: 8
    wildcards: species=hg38, dataset_id=MA0162.4, metadata=EGR1-jaspar

[Mon Jan 11 16:31:31 2021]
Error in rule download_motifs:
    jobid: 8
    output: data/motif_beds_long/hg38/MA0162.4_EGR1-jaspar.bed
    shell:
        wget http://expdata.cmmt.ubc.ca/JASPAR/downloads/UCSC_tracks/2020/hg38/MA0162.4.tsv.gz &&tar -xzvf hg38 -C data/motif_beds_long/hg38/MA0162.4_EGR1-jaspar.bed &&rm -rf hg38.tsv.gz
        (one of the commands exited with non-zero exit code; note that snakemake uses bash strict mode!)

Shutting down, this might take some time.
Exiting because a job execution failed. Look above for error message
Complete log: /Users/alynch/projects/lisa_project/liulab-lisa/lisa2/cistrome_processing/.snakemake/log/2021-01-11T163122.764423.snakemake.log
