Building DAG of jobs...
Relative file path './data/4_sort_summits.bed' starts with './'. This is redundant and strongly discouraged. It can also lead to inconsistent results of the file-matching approach used by Snakemake. You can simply omit the './' for relative file paths.
Using shell: /bin/bash
Provided cores: 1 (use --cores to define parallelism)
Rules claiming more threads will be scaled down.
Job counts:
	count	jobs
	1	all
	2	download_motifs
	2	filter_motifs
	1	format_h5
	1	get_chip_hits
	2	get_motif_hits
	9

[Mon Jan 11 16:46:44 2021]
rule get_chip_hits:
    input: ./data/4_sort_summits.bed
    output: data/indices/hg38/1000/ChIP-seq.4.EGR1-K562-Erythroblast-Bone_Marrow.txt
    jobid: 2
    wildcards: species=hg38, window_size=1000, dataset_id=4, metadata=EGR1-K562-Erythroblast-Bone_Marrow

python ./bin/map_peaks_to_indices.py hg38 1000 "./data/4_sort_summits.bed" "data/indices/hg38/1000/ChIP-seq.4.EGR1-K562-Erythroblast-Bone_Marrow.txt"
[Mon Jan 11 16:46:45 2021]
Finished job 2.
1 of 9 steps (11%) done

[Mon Jan 11 16:46:45 2021]
rule download_motifs:
    output: data/motif_beds_long/hg38/MA0083.3.RUNX1-jaspar.bed
    jobid: 8
    wildcards: species=hg38, dataset_id=MA0083.3, metadata=RUNX1-jaspar

wget http://expdata.cmmt.ubc.ca/JASPAR/downloads/UCSC_tracks/2020/hg38/MA0083.3.tsv.gz &&gzip -d MA0083.3.tsv.gz &&mv MA0083.3.tsv data/motif_beds_long/hg38/MA0083.3.RUNX1-jaspar.bed
[Mon Jan 11 16:46:48 2021]
Finished job 8.
2 of 9 steps (22%) done

[Mon Jan 11 16:46:48 2021]
rule filter_motifs:
    input: data/motif_beds_long/hg38/MA0083.3.RUNX1-jaspar.bed
    output: data/motif_beds/hg38/MA0083.3.RUNX1-jaspar.bed
    jobid: 7
    wildcards: species=hg38, dataset_id=MA0083.3, metadata=RUNX1-jaspar

awk '$6>=475' "data/motif_beds_long/hg38/MA0083.3.RUNX1-jaspar.bed" > "data/motif_beds/hg38/MA0083.3.RUNX1-jaspar.bed"
[Mon Jan 11 16:46:49 2021]
Finished job 7.
3 of 9 steps (33%) done

[Mon Jan 11 16:46:49 2021]
rule get_motif_hits:
    input: data/motif_beds/hg38/MA0083.3.RUNX1-jaspar.bed
    output: data/indices/hg38/1000/Motifs.MA0083.3.RUNX1-jaspar.txt
    jobid: 6
    wildcards: species=hg38, window_size=1000, dataset_id=MA0083.3, metadata=RUNX1-jaspar

python ./bin/map_peaks_to_indices.py hg38 1000 "data/motif_beds/hg38/MA0083.3.RUNX1-jaspar.bed" "data/indices/hg38/1000/Motifs.MA0083.3.RUNX1-jaspar.txt"
[Mon Jan 11 16:46:50 2021]
Finished job 6.
4 of 9 steps (44%) done

[Mon Jan 11 16:46:50 2021]
rule download_motifs:
    output: data/motif_beds_long/hg38/MA0162.4.EGR1-jaspar.bed
    jobid: 5
    wildcards: species=hg38, dataset_id=MA0162.4, metadata=EGR1-jaspar

wget http://expdata.cmmt.ubc.ca/JASPAR/downloads/UCSC_tracks/2020/hg38/MA0162.4.tsv.gz &&gzip -d MA0162.4.tsv.gz &&mv MA0162.4.tsv data/motif_beds_long/hg38/MA0162.4.EGR1-jaspar.bed
[Mon Jan 11 16:46:57 2021]
Finished job 5.
5 of 9 steps (56%) done

[Mon Jan 11 16:46:57 2021]
rule filter_motifs:
    input: data/motif_beds_long/hg38/MA0162.4.EGR1-jaspar.bed
    output: data/motif_beds/hg38/MA0162.4.EGR1-jaspar.bed
    jobid: 4
    wildcards: species=hg38, dataset_id=MA0162.4, metadata=EGR1-jaspar

awk '$6>=475' "data/motif_beds_long/hg38/MA0162.4.EGR1-jaspar.bed" > "data/motif_beds/hg38/MA0162.4.EGR1-jaspar.bed"
[Mon Jan 11 16:47:02 2021]
Finished job 4.
6 of 9 steps (67%) done

[Mon Jan 11 16:47:02 2021]
rule get_motif_hits:
    input: data/motif_beds/hg38/MA0162.4.EGR1-jaspar.bed
    output: data/indices/hg38/1000/Motifs.MA0162.4.EGR1-jaspar.txt
    jobid: 3
    wildcards: species=hg38, window_size=1000, dataset_id=MA0162.4, metadata=EGR1-jaspar

python ./bin/map_peaks_to_indices.py hg38 1000 "data/motif_beds/hg38/MA0162.4.EGR1-jaspar.bed" "data/indices/hg38/1000/Motifs.MA0162.4.EGR1-jaspar.txt"
[Mon Jan 11 16:47:03 2021]
Finished job 3.
7 of 9 steps (78%) done

[Mon Jan 11 16:47:03 2021]
rule format_h5:
    input: data/indices/hg38/1000/ChIP-seq.4.EGR1-K562-Erythroblast-Bone_Marrow.txt, data/indices/hg38/1000/Motifs.MA0162.4.EGR1-jaspar.txt, data/indices/hg38/1000/Motifs.MA0083.3.RUNX1-jaspar.txt
    output: data/hg38/1000/ChIP-seq.4.EGR1-K562-Erythroblast-Bone_Marrow.done, data/hg38/1000/Motifs.MA0162.4.EGR1-jaspar.done, data/hg38/1000/Motifs.MA0083.3.RUNX1-jaspar.done
    jobid: 1

python ./bin/append_peak_indices.py hg38 1000 data/indices/hg38/1000/ChIP-seq.4.EGR1-K562-Erythroblast-Bone_Marrow.txt data/indices/hg38/1000/Motifs.MA0162.4.EGR1-jaspar.txt data/indices/hg38/1000/Motifs.MA0083.3.RUNX1-jaspar.txt
[Mon Jan 11 16:47:04 2021]
Error in rule format_h5:
    jobid: 1
    output: data/hg38/1000/ChIP-seq.4.EGR1-K562-Erythroblast-Bone_Marrow.done, data/hg38/1000/Motifs.MA0162.4.EGR1-jaspar.done, data/hg38/1000/Motifs.MA0083.3.RUNX1-jaspar.done
    shell:
        python ./bin/append_peak_indices.py hg38 1000 data/indices/hg38/1000/ChIP-seq.4.EGR1-K562-Erythroblast-Bone_Marrow.txt data/indices/hg38/1000/Motifs.MA0162.4.EGR1-jaspar.txt data/indices/hg38/1000/Motifs.MA0083.3.RUNX1-jaspar.txt
        (one of the commands exited with non-zero exit code; note that snakemake uses bash strict mode!)

Shutting down, this might take some time.
Exiting because a job execution failed. Look above for error message
Complete log: /Users/alynch/projects/lisa_project/liulab-lisa/lisa2/cistrome_processing/.snakemake/log/2021-01-11T164644.271119.snakemake.log
